<?xml version="1.0" encoding="UTF-8"?>
<testng-results ignored="0" total="1" passed="1" failed="0" skipped="0">
  <reporter-output>
  </reporter-output>
  <suite started-at="2022-03-19T12:20:49 IST" name="Default suite" finished-at="2022-03-19T12:21:18 IST" duration-ms="29289">
    <groups>
    </groups>
    <test started-at="2022-03-19T12:20:49 IST" name="Default test" finished-at="2022-03-19T12:21:18 IST" duration-ms="29289">
      <class name="testScripts.PriceComparisionTest">
        <test-method is-config="true" signature="initializeVar()[pri:0, instance:testScripts.PriceComparisionTest@4229bb3f]" started-at="2022-03-19T12:20:45 IST" name="initializeVar" finished-at="2022-03-19T12:20:49 IST" duration-ms="4067" status="PASS">
          <reporter-output>
          </reporter-output>
        </test-method> <!-- initializeVar -->
        <test-method is-config="true" signature="beforeSuite()[pri:0, instance:testScripts.PriceComparisionTest@4229bb3f]" started-at="2022-03-19T12:20:49 IST" name="beforeSuite" finished-at="2022-03-19T12:20:49 IST" depends-on-methods="baseTest.TestBase.initializeVar" duration-ms="58" status="PASS">
          <reporter-output>
          </reporter-output>
        </test-method> <!-- beforeSuite -->
        <test-method signature="secondTestCase()[pri:0, instance:testScripts.PriceComparisionTest@4229bb3f]" started-at="2022-03-19T12:20:49 IST" name="secondTestCase" finished-at="2022-03-19T12:21:18 IST" duration-ms="29245" status="PASS">
          <reporter-output>
          </reporter-output>
        </test-method> <!-- secondTestCase -->
        <test-method is-config="true" signature="closeBrowser()[pri:0, instance:testScripts.PriceComparisionTest@4229bb3f]" started-at="2022-03-19T12:21:18 IST" name="closeBrowser" finished-at="2022-03-19T12:21:19 IST" duration-ms="294" status="PASS">
          <reporter-output>
          </reporter-output>
        </test-method> <!-- closeBrowser -->
      </class> <!-- testScripts.PriceComparisionTest -->
    </test> <!-- Default test -->
  </suite> <!-- Default suite -->
</testng-results>
